<?xml version="1.0" encoding="UTF-8"?>
<!-- Generated by org.testng.reporters.JUnitReportReporter -->
<testsuite hostname="DESKTOP-GD0S75V" failures="0" tests="31" name="api.test.UserEndPointsTest" time="0.007" errors="1" timestamp="2023-05-18T15:51:38 GMT-07:00" skipped="30">
  <testcase classname="api.test.UserEndPointsTest" name="setup" time="0.002">
    <error message="Can&#039;t find bundle for base name config, locale en_IN" type="java.util.MissingResourceException">
      <![CDATA[java.util.MissingResourceException: Can't find bundle for base name config, locale en_IN
at java.base/java.util.ResourceBundle.throwMissingResourceException(ResourceBundle.java:2045)
at java.base/java.util.ResourceBundle.getBundleImpl(ResourceBundle.java:1683)
at java.base/java.util.ResourceBundle.getBundleImpl(ResourceBundle.java:1586)
at java.base/java.util.ResourceBundle.getBundleImpl(ResourceBundle.java:1549)
at java.base/java.util.ResourceBundle.getBundle(ResourceBundle.java:858)
at api.utility.BaseClass.getProperties(BaseClass.java:41)
at api.utility.BaseClass.getStatusCode(BaseClass.java:46)
at api.test.UserEndPointsTest.setup(UserEndPointsTest.java:28)
at java.base/jdk.internal.reflect.DirectMethodHandleAccessor.invoke(DirectMethodHandleAccessor.java:104)
at java.base/java.lang.reflect.Method.invoke(Method.java:577)
at org.testng.internal.invokers.MethodInvocationHelper.invokeMethod(MethodInvocationHelper.java:139)
at org.testng.internal.invokers.MethodInvocationHelper.invokeMethodConsideringTimeout(MethodInvocationHelper.java:69)
at org.testng.internal.invokers.ConfigInvoker.invokeConfigurationMethod(ConfigInvoker.java:361)
at org.testng.internal.invokers.ConfigInvoker.invokeConfigurations(ConfigInvoker.java:296)
at org.testng.internal.invokers.TestMethodWorker.invokeBeforeClassMethods(TestMethodWorker.java:180)
at org.testng.internal.invokers.TestMethodWorker.run(TestMethodWorker.java:122)
at java.base/java.util.ArrayList.forEach(ArrayList.java:1511)
at org.testng.TestRunner.privateRun(TestRunner.java:829)
at org.testng.TestRunner.run(TestRunner.java:602)
at org.testng.SuiteRunner.runTest(SuiteRunner.java:437)
at org.testng.SuiteRunner.runSequentially(SuiteRunner.java:431)
at org.testng.SuiteRunner.privateRun(SuiteRunner.java:391)
at org.testng.SuiteRunner.run(SuiteRunner.java:330)
at org.testng.SuiteRunnerWorker.runSuite(SuiteRunnerWorker.java:52)
at org.testng.SuiteRunnerWorker.run(SuiteRunnerWorker.java:95)
at org.testng.TestNG.runSuitesSequentially(TestNG.java:1256)
at org.testng.TestNG.runSuitesLocally(TestNG.java:1176)
at org.testng.TestNG.runSuites(TestNG.java:1099)
at org.testng.TestNG.run(TestNG.java:1067)
at org.apache.maven.surefire.testng.TestNGExecutor.run(TestNGExecutor.java:155)
at org.apache.maven.surefire.testng.TestNGDirectoryTestSuite.executeMulti(TestNGDirectoryTestSuite.java:169)
at org.apache.maven.surefire.testng.TestNGDirectoryTestSuite.execute(TestNGDirectoryTestSuite.java:88)
at org.apache.maven.surefire.testng.TestNGProvider.invoke(TestNGProvider.java:137)
at org.apache.maven.surefire.booter.ForkedBooter.runSuitesInProcess(ForkedBooter.java:385)
at org.apache.maven.surefire.booter.ForkedBooter.execute(ForkedBooter.java:162)
at org.apache.maven.surefire.booter.ForkedBooter.run(ForkedBooter.java:507)
at org.apache.maven.surefire.booter.ForkedBooter.main(ForkedBooter.java:495)
]]>
    </error>
  </testcase> <!-- setup -->
  <system-out/>
  <testcase classname="api.test.UserEndPointsTest" name="testPostUser" time="0.000">
    <skipped/>
  </testcase> <!-- testPostUser -->
  <system-out/>
  <testcase classname="api.test.UserEndPointsTest" name="testPostUser" time="0.000">
    <skipped/>
  </testcase> <!-- testPostUser -->
  <system-out/>
  <testcase classname="api.test.UserEndPointsTest" name="testPostUser" time="0.000">
    <skipped/>
  </testcase> <!-- testPostUser -->
  <system-out/>
  <testcase classname="api.test.UserEndPointsTest" name="testPostUser" time="0.000">
    <skipped/>
  </testcase> <!-- testPostUser -->
  <system-out/>
  <testcase classname="api.test.UserEndPointsTest" name="testPostUser" time="0.000">
    <skipped/>
  </testcase> <!-- testPostUser -->
  <system-out/>
  <testcase classname="api.test.UserEndPointsTest" name="testPostUser" time="0.000">
    <skipped/>
  </testcase> <!-- testPostUser -->
  <system-out/>
  <testcase classname="api.test.UserEndPointsTest" name="testPostUser" time="0.000">
    <skipped/>
  </testcase> <!-- testPostUser -->
  <system-out/>
  <testcase classname="api.test.UserEndPointsTest" name="testPostUser" time="0.000">
    <skipped/>
  </testcase> <!-- testPostUser -->
  <system-out/>
  <testcase classname="api.test.UserEndPointsTest" name="testPostUser" time="0.000">
    <skipped/>
  </testcase> <!-- testPostUser -->
  <system-out/>
  <testcase classname="api.test.UserEndPointsTest" name="testPostUser" time="0.000">
    <skipped/>
  </testcase> <!-- testPostUser -->
  <system-out/>
  <testcase classname="api.test.UserEndPointsTest" name="testGetUser" time="0.000">
    <skipped/>
  </testcase> <!-- testGetUser -->
  <system-out/>
  <testcase classname="api.test.UserEndPointsTest" name="testGetUser" time="0.000">
    <skipped/>
  </testcase> <!-- testGetUser -->
  <system-out/>
  <testcase classname="api.test.UserEndPointsTest" name="testGetUser" time="0.001">
    <skipped/>
  </testcase> <!-- testGetUser -->
  <system-out/>
  <testcase classname="api.test.UserEndPointsTest" name="testGetUser" time="0.000">
    <skipped/>
  </testcase> <!-- testGetUser -->
  <system-out/>
  <testcase classname="api.test.UserEndPointsTest" name="testGetUser" time="0.000">
    <skipped/>
  </testcase> <!-- testGetUser -->
  <system-out/>
  <testcase classname="api.test.UserEndPointsTest" name="testGetUser" time="0.000">
    <skipped/>
  </testcase> <!-- testGetUser -->
  <system-out/>
  <testcase classname="api.test.UserEndPointsTest" name="testGetUser" time="0.000">
    <skipped/>
  </testcase> <!-- testGetUser -->
  <system-out/>
  <testcase classname="api.test.UserEndPointsTest" name="testGetUser" time="0.000">
    <skipped/>
  </testcase> <!-- testGetUser -->
  <system-out/>
  <testcase classname="api.test.UserEndPointsTest" name="testGetUser" time="0.001">
    <skipped/>
  </testcase> <!-- testGetUser -->
  <system-out/>
  <testcase classname="api.test.UserEndPointsTest" name="testGetUser" time="0.000">
    <skipped/>
  </testcase> <!-- testGetUser -->
  <system-out/>
  <testcase classname="api.test.UserEndPointsTest" name="testDeleteUser" time="0.000">
    <skipped/>
  </testcase> <!-- testDeleteUser -->
  <system-out/>
  <testcase classname="api.test.UserEndPointsTest" name="testDeleteUser" time="0.001">
    <skipped/>
  </testcase> <!-- testDeleteUser -->
  <system-out/>
  <testcase classname="api.test.UserEndPointsTest" name="testDeleteUser" time="0.000">
    <skipped/>
  </testcase> <!-- testDeleteUser -->
  <system-out/>
  <testcase classname="api.test.UserEndPointsTest" name="testDeleteUser" time="0.000">
    <skipped/>
  </testcase> <!-- testDeleteUser -->
  <system-out/>
  <testcase classname="api.test.UserEndPointsTest" name="testDeleteUser" time="0.001">
    <skipped/>
  </testcase> <!-- testDeleteUser -->
  <system-out/>
  <testcase classname="api.test.UserEndPointsTest" name="testDeleteUser" time="0.000">
    <skipped/>
  </testcase> <!-- testDeleteUser -->
  <system-out/>
  <testcase classname="api.test.UserEndPointsTest" name="testDeleteUser" time="0.000">
    <skipped/>
  </testcase> <!-- testDeleteUser -->
  <system-out/>
  <testcase classname="api.test.UserEndPointsTest" name="testDeleteUser" time="0.001">
    <skipped/>
  </testcase> <!-- testDeleteUser -->
  <system-out/>
  <testcase classname="api.test.UserEndPointsTest" name="testDeleteUser" time="0.000">
    <skipped/>
  </testcase> <!-- testDeleteUser -->
  <system-out/>
  <testcase classname="api.test.UserEndPointsTest" name="testDeleteUser" time="0.000">
    <skipped/>
  </testcase> <!-- testDeleteUser -->
  <system-out/>
</testsuite> <!-- api.test.UserEndPointsTest -->
